ARM GAS  /tmp/cc76sdDC.s 			page 1


   1              		.cpu cortex-m3
   2              		.eabi_attribute 20, 1
   3              		.eabi_attribute 21, 1
   4              		.eabi_attribute 23, 3
   5              		.eabi_attribute 24, 1
   6              		.eabi_attribute 25, 1
   7              		.eabi_attribute 26, 1
   8              		.eabi_attribute 30, 1
   9              		.eabi_attribute 34, 1
  10              		.eabi_attribute 18, 4
  11              		.file	"ht32f1xxxx_01_it.c"
  12              		.text
  13              	.Ltext0:
  14              		.cfi_sections	.debug_frame
  15              		.section	.text.NMI_Handler,"ax",%progbits
  16              		.align	1
  17              		.global	NMI_Handler
  18              		.arch armv7-m
  19              		.syntax unified
  20              		.thumb
  21              		.thumb_func
  22              		.fpu softvfp
  24              	NMI_Handler:
  25              	.LFB66:
  26              		.file 1 "Src/ht32f1xxxx_01_it.c"
   1:Src/ht32f1xxxx_01_it.c **** /**************************************************************************************************
   2:Src/ht32f1xxxx_01_it.c ****  * @file    NVIC/Vector_Table_Offset/ht32f1xxxx_01_it.c
   3:Src/ht32f1xxxx_01_it.c ****  * @version $Rev:: 1372         $
   4:Src/ht32f1xxxx_01_it.c ****  * @date    $Date:: 2018-08-03 #$
   5:Src/ht32f1xxxx_01_it.c ****  * @brief   This file provides all interrupt service routine.
   6:Src/ht32f1xxxx_01_it.c ****  **************************************************************************************************
   7:Src/ht32f1xxxx_01_it.c ****  * @attention
   8:Src/ht32f1xxxx_01_it.c ****  *
   9:Src/ht32f1xxxx_01_it.c ****  * Firmware Disclaimer Information
  10:Src/ht32f1xxxx_01_it.c ****  *
  11:Src/ht32f1xxxx_01_it.c ****  * 1. The customer hereby acknowledges and agrees that the program technical documentation, includi
  12:Src/ht32f1xxxx_01_it.c ****  *    code, which is supplied by Holtek Semiconductor Inc., (hereinafter referred to as "HOLTEK") i
  13:Src/ht32f1xxxx_01_it.c ****  *    proprietary and confidential intellectual property of HOLTEK, and is protected by copyright l
  14:Src/ht32f1xxxx_01_it.c ****  *    other intellectual property laws.
  15:Src/ht32f1xxxx_01_it.c ****  *
  16:Src/ht32f1xxxx_01_it.c ****  * 2. The customer hereby acknowledges and agrees that the program technical documentation, includi
  17:Src/ht32f1xxxx_01_it.c ****  *    code, is confidential information belonging to HOLTEK, and must not be disclosed to any third
  18:Src/ht32f1xxxx_01_it.c ****  *    other than HOLTEK and the customer.
  19:Src/ht32f1xxxx_01_it.c ****  *
  20:Src/ht32f1xxxx_01_it.c ****  * 3. The program technical documentation, including the code, is provided "as is" and for customer
  21:Src/ht32f1xxxx_01_it.c ****  *    only. After delivery by HOLTEK, the customer shall use the program technical documentation, i
  22:Src/ht32f1xxxx_01_it.c ****  *    the code, at their own risk. HOLTEK disclaims any expressed, implied or statutory warranties,
  23:Src/ht32f1xxxx_01_it.c ****  *    the warranties of merchantability, satisfactory quality and fitness for a particular purpose.
  24:Src/ht32f1xxxx_01_it.c ****  *
  25:Src/ht32f1xxxx_01_it.c ****  * <h2><center>Copyright (C) Holtek Semiconductor Inc. All rights reserved</center></h2>
  26:Src/ht32f1xxxx_01_it.c ****  **************************************************************************************************
  27:Src/ht32f1xxxx_01_it.c **** 
  28:Src/ht32f1xxxx_01_it.c **** /* Includes ---------------------------------------------------------------------------------------
  29:Src/ht32f1xxxx_01_it.c **** #include "ht32.h"
  30:Src/ht32f1xxxx_01_it.c **** 
  31:Src/ht32f1xxxx_01_it.c **** /** @addtogroup HT32_Series_Peripheral_Examples HT32 Peripheral Examples
  32:Src/ht32f1xxxx_01_it.c ****   * @{
ARM GAS  /tmp/cc76sdDC.s 			page 2


  33:Src/ht32f1xxxx_01_it.c ****   */
  34:Src/ht32f1xxxx_01_it.c **** 
  35:Src/ht32f1xxxx_01_it.c **** /** @addtogroup NVIC_Examples NVIC
  36:Src/ht32f1xxxx_01_it.c ****   * @{
  37:Src/ht32f1xxxx_01_it.c ****   */
  38:Src/ht32f1xxxx_01_it.c **** 
  39:Src/ht32f1xxxx_01_it.c **** /** @addtogroup Vector_Table_Offset
  40:Src/ht32f1xxxx_01_it.c ****   * @{
  41:Src/ht32f1xxxx_01_it.c ****   */
  42:Src/ht32f1xxxx_01_it.c **** 
  43:Src/ht32f1xxxx_01_it.c **** 
  44:Src/ht32f1xxxx_01_it.c **** /* Global functions -------------------------------------------------------------------------------
  45:Src/ht32f1xxxx_01_it.c **** /**************************************************************************************************
  46:Src/ht32f1xxxx_01_it.c ****  * @brief   This function handles NMI exception.
  47:Src/ht32f1xxxx_01_it.c ****  * @retval  None
  48:Src/ht32f1xxxx_01_it.c ****  **************************************************************************************************
  49:Src/ht32f1xxxx_01_it.c **** void NMI_Handler(void)
  50:Src/ht32f1xxxx_01_it.c **** {
  27              		.loc 1 50 1 view -0
  28              		.cfi_startproc
  29              		@ args = 0, pretend = 0, frame = 0
  30              		@ frame_needed = 0, uses_anonymous_args = 0
  31              		@ link register save eliminated.
  51:Src/ht32f1xxxx_01_it.c **** }
  32              		.loc 1 51 1 view .LVU1
  33 0000 7047     		bx	lr
  34              		.cfi_endproc
  35              	.LFE66:
  37              		.section	.text.HardFault_Handler,"ax",%progbits
  38              		.align	1
  39              		.global	HardFault_Handler
  40              		.syntax unified
  41              		.thumb
  42              		.thumb_func
  43              		.fpu softvfp
  45              	HardFault_Handler:
  46              	.LFB67:
  52:Src/ht32f1xxxx_01_it.c **** 
  53:Src/ht32f1xxxx_01_it.c **** /**************************************************************************************************
  54:Src/ht32f1xxxx_01_it.c ****  * @brief   This function handles Hard Fault exception.
  55:Src/ht32f1xxxx_01_it.c ****  * @retval  None
  56:Src/ht32f1xxxx_01_it.c ****  **************************************************************************************************
  57:Src/ht32f1xxxx_01_it.c **** void HardFault_Handler(void)
  58:Src/ht32f1xxxx_01_it.c **** {
  47              		.loc 1 58 1 view -0
  48              		.cfi_startproc
  49              		@ args = 0, pretend = 0, frame = 0
  50              		@ frame_needed = 0, uses_anonymous_args = 0
  51              		@ link register save eliminated.
  52              	.L3:
  59:Src/ht32f1xxxx_01_it.c ****   #if 1
  60:Src/ht32f1xxxx_01_it.c **** 
  61:Src/ht32f1xxxx_01_it.c ****   static vu32 gIsContinue = 0;
  62:Src/ht32f1xxxx_01_it.c ****   /*-----------------------------------------------------------------------------------------------
  63:Src/ht32f1xxxx_01_it.c ****   /* For development FW, MCU run into the while loop when the hardfault occurred.                  
  64:Src/ht32f1xxxx_01_it.c ****   /* 1. Stack Checking                                                                             
  65:Src/ht32f1xxxx_01_it.c ****   /*    When a hard fault exception occurs, MCU push following register into the stack (main or pro
ARM GAS  /tmp/cc76sdDC.s 			page 3


  66:Src/ht32f1xxxx_01_it.c ****   /*    stack). Confirm R13(SP) value in the Register Window and typing it to the Memory Windows, y
  67:Src/ht32f1xxxx_01_it.c ****   /*    check following register, especially the PC value (indicate the last instruction before har
  68:Src/ht32f1xxxx_01_it.c ****   /*    SP + 0x00    0x04    0x08    0x0C    0x10    0x14    0x18    0x1C                          
  69:Src/ht32f1xxxx_01_it.c ****   /*           R0      R1      R2      R3     R12      LR      PC    xPSR                          
  70:Src/ht32f1xxxx_01_it.c ****   while (gIsContinue == 0)
  71:Src/ht32f1xxxx_01_it.c ****   {
  72:Src/ht32f1xxxx_01_it.c ****   }
  53              		.loc 1 72 3 discriminator 1 view .LVU3
  70:Src/ht32f1xxxx_01_it.c ****   {
  54              		.loc 1 70 9 discriminator 1 view .LVU4
  70:Src/ht32f1xxxx_01_it.c ****   {
  55              		.loc 1 70 22 is_stmt 0 discriminator 1 view .LVU5
  56 0000 024B     		ldr	r3, .L4
  57 0002 1B68     		ldr	r3, [r3]
  70:Src/ht32f1xxxx_01_it.c ****   {
  58              		.loc 1 70 9 discriminator 1 view .LVU6
  59 0004 002B     		cmp	r3, #0
  60 0006 FBD0     		beq	.L3
  73:Src/ht32f1xxxx_01_it.c ****   /* 2. Step Out to Find the Clue                                                                  
  74:Src/ht32f1xxxx_01_it.c ****   /*    Change the variable "gIsContinue" to any other value than zero in a Local or Watch Window, 
  75:Src/ht32f1xxxx_01_it.c ****   /*    step out the HardFault_Handler to reach the first instruction after the instruction which c
  76:Src/ht32f1xxxx_01_it.c ****   /*    the hard fault.                                                                            
  77:Src/ht32f1xxxx_01_it.c ****   /*-----------------------------------------------------------------------------------------------
  78:Src/ht32f1xxxx_01_it.c **** 
  79:Src/ht32f1xxxx_01_it.c ****   #else
  80:Src/ht32f1xxxx_01_it.c **** 
  81:Src/ht32f1xxxx_01_it.c ****   /*-----------------------------------------------------------------------------------------------
  82:Src/ht32f1xxxx_01_it.c ****   /* For production FW, you shall consider to reboot the system when hardfault occurred.           
  83:Src/ht32f1xxxx_01_it.c ****   /*-----------------------------------------------------------------------------------------------
  84:Src/ht32f1xxxx_01_it.c ****   NVIC_SystemReset();
  85:Src/ht32f1xxxx_01_it.c **** 
  86:Src/ht32f1xxxx_01_it.c ****   #endif
  87:Src/ht32f1xxxx_01_it.c **** }
  61              		.loc 1 87 1 view .LVU7
  62 0008 7047     		bx	lr
  63              	.L5:
  64 000a 00BF     		.align	2
  65              	.L4:
  66 000c 00000000 		.word	.LANCHOR0
  67              		.cfi_endproc
  68              	.LFE67:
  70              		.section	.text.MemManage_Handler,"ax",%progbits
  71              		.align	1
  72              		.global	MemManage_Handler
  73              		.syntax unified
  74              		.thumb
  75              		.thumb_func
  76              		.fpu softvfp
  78              	MemManage_Handler:
  79              	.LFB68:
  88:Src/ht32f1xxxx_01_it.c **** 
  89:Src/ht32f1xxxx_01_it.c **** /**************************************************************************************************
  90:Src/ht32f1xxxx_01_it.c ****  * @brief   This function handles Memory Manage exception.
  91:Src/ht32f1xxxx_01_it.c ****  * @retval  None
  92:Src/ht32f1xxxx_01_it.c ****  **************************************************************************************************
  93:Src/ht32f1xxxx_01_it.c **** void MemManage_Handler(void)
  94:Src/ht32f1xxxx_01_it.c **** {
ARM GAS  /tmp/cc76sdDC.s 			page 4


  80              		.loc 1 94 1 is_stmt 1 view -0
  81              		.cfi_startproc
  82              		@ Volatile: function does not return.
  83              		@ args = 0, pretend = 0, frame = 0
  84              		@ frame_needed = 0, uses_anonymous_args = 0
  85              		@ link register save eliminated.
  86              	.L7:
  95:Src/ht32f1xxxx_01_it.c ****   while (1);
  87              		.loc 1 95 3 discriminator 1 view .LVU9
  88              		.loc 1 95 12 discriminator 1 view .LVU10
  89              		.loc 1 95 9 discriminator 1 view .LVU11
  90 0000 FEE7     		b	.L7
  91              		.cfi_endproc
  92              	.LFE68:
  94              		.section	.text.BusFault_Handler,"ax",%progbits
  95              		.align	1
  96              		.global	BusFault_Handler
  97              		.syntax unified
  98              		.thumb
  99              		.thumb_func
 100              		.fpu softvfp
 102              	BusFault_Handler:
 103              	.LFB69:
  96:Src/ht32f1xxxx_01_it.c **** }
  97:Src/ht32f1xxxx_01_it.c **** 
  98:Src/ht32f1xxxx_01_it.c **** /**************************************************************************************************
  99:Src/ht32f1xxxx_01_it.c ****  * @brief   This function handles Bus Fault exception.
 100:Src/ht32f1xxxx_01_it.c ****  * @retval  None
 101:Src/ht32f1xxxx_01_it.c ****  **************************************************************************************************
 102:Src/ht32f1xxxx_01_it.c **** void BusFault_Handler(void)
 103:Src/ht32f1xxxx_01_it.c **** {
 104              		.loc 1 103 1 view -0
 105              		.cfi_startproc
 106              		@ Volatile: function does not return.
 107              		@ args = 0, pretend = 0, frame = 0
 108              		@ frame_needed = 0, uses_anonymous_args = 0
 109              		@ link register save eliminated.
 110              	.L9:
 104:Src/ht32f1xxxx_01_it.c ****   while (1);
 111              		.loc 1 104 3 discriminator 1 view .LVU13
 112              		.loc 1 104 12 discriminator 1 view .LVU14
 113              		.loc 1 104 9 discriminator 1 view .LVU15
 114 0000 FEE7     		b	.L9
 115              		.cfi_endproc
 116              	.LFE69:
 118              		.section	.text.UsageFault_Handler,"ax",%progbits
 119              		.align	1
 120              		.global	UsageFault_Handler
 121              		.syntax unified
 122              		.thumb
 123              		.thumb_func
 124              		.fpu softvfp
 126              	UsageFault_Handler:
 127              	.LFB70:
 105:Src/ht32f1xxxx_01_it.c **** }
 106:Src/ht32f1xxxx_01_it.c **** 
 107:Src/ht32f1xxxx_01_it.c **** /**************************************************************************************************
ARM GAS  /tmp/cc76sdDC.s 			page 5


 108:Src/ht32f1xxxx_01_it.c ****  * @brief   This function handles Usage Fault exception.
 109:Src/ht32f1xxxx_01_it.c ****  * @retval  None
 110:Src/ht32f1xxxx_01_it.c ****  **************************************************************************************************
 111:Src/ht32f1xxxx_01_it.c **** void UsageFault_Handler(void)
 112:Src/ht32f1xxxx_01_it.c **** {
 128              		.loc 1 112 1 view -0
 129              		.cfi_startproc
 130              		@ Volatile: function does not return.
 131              		@ args = 0, pretend = 0, frame = 0
 132              		@ frame_needed = 0, uses_anonymous_args = 0
 133              		@ link register save eliminated.
 134              	.L11:
 113:Src/ht32f1xxxx_01_it.c ****   while (1);
 135              		.loc 1 113 3 discriminator 1 view .LVU17
 136              		.loc 1 113 12 discriminator 1 view .LVU18
 137              		.loc 1 113 9 discriminator 1 view .LVU19
 138 0000 FEE7     		b	.L11
 139              		.cfi_endproc
 140              	.LFE70:
 142              		.section	.text.SVC_Handler,"ax",%progbits
 143              		.align	1
 144              		.global	SVC_Handler
 145              		.syntax unified
 146              		.thumb
 147              		.thumb_func
 148              		.fpu softvfp
 150              	SVC_Handler:
 151              	.LFB71:
 114:Src/ht32f1xxxx_01_it.c **** }
 115:Src/ht32f1xxxx_01_it.c **** 
 116:Src/ht32f1xxxx_01_it.c **** /**************************************************************************************************
 117:Src/ht32f1xxxx_01_it.c ****  * @brief   This function handles SVCall exception.
 118:Src/ht32f1xxxx_01_it.c ****  * @retval  None
 119:Src/ht32f1xxxx_01_it.c ****  **************************************************************************************************
 120:Src/ht32f1xxxx_01_it.c **** void SVC_Handler(void)
 121:Src/ht32f1xxxx_01_it.c **** {
 152              		.loc 1 121 1 view -0
 153              		.cfi_startproc
 154              		@ args = 0, pretend = 0, frame = 0
 155              		@ frame_needed = 0, uses_anonymous_args = 0
 156              		@ link register save eliminated.
 122:Src/ht32f1xxxx_01_it.c **** }
 157              		.loc 1 122 1 view .LVU21
 158 0000 7047     		bx	lr
 159              		.cfi_endproc
 160              	.LFE71:
 162              		.section	.text.DebugMon_Handler,"ax",%progbits
 163              		.align	1
 164              		.global	DebugMon_Handler
 165              		.syntax unified
 166              		.thumb
 167              		.thumb_func
 168              		.fpu softvfp
 170              	DebugMon_Handler:
 171              	.LFB72:
 123:Src/ht32f1xxxx_01_it.c **** 
 124:Src/ht32f1xxxx_01_it.c **** /**************************************************************************************************
ARM GAS  /tmp/cc76sdDC.s 			page 6


 125:Src/ht32f1xxxx_01_it.c ****  * @brief   This function handles Debug Monitor exception.
 126:Src/ht32f1xxxx_01_it.c ****  * @retval  None
 127:Src/ht32f1xxxx_01_it.c ****  **************************************************************************************************
 128:Src/ht32f1xxxx_01_it.c **** void DebugMon_Handler(void)
 129:Src/ht32f1xxxx_01_it.c **** {
 172              		.loc 1 129 1 view -0
 173              		.cfi_startproc
 174              		@ args = 0, pretend = 0, frame = 0
 175              		@ frame_needed = 0, uses_anonymous_args = 0
 176              		@ link register save eliminated.
 130:Src/ht32f1xxxx_01_it.c **** }
 177              		.loc 1 130 1 view .LVU23
 178 0000 7047     		bx	lr
 179              		.cfi_endproc
 180              	.LFE72:
 182              		.section	.text.PendSV_Handler,"ax",%progbits
 183              		.align	1
 184              		.global	PendSV_Handler
 185              		.syntax unified
 186              		.thumb
 187              		.thumb_func
 188              		.fpu softvfp
 190              	PendSV_Handler:
 191              	.LFB73:
 131:Src/ht32f1xxxx_01_it.c **** 
 132:Src/ht32f1xxxx_01_it.c **** /**************************************************************************************************
 133:Src/ht32f1xxxx_01_it.c ****  * @brief   This function handles PendSVC exception.
 134:Src/ht32f1xxxx_01_it.c ****  * @retval  None
 135:Src/ht32f1xxxx_01_it.c ****  **************************************************************************************************
 136:Src/ht32f1xxxx_01_it.c **** void PendSV_Handler(void)
 137:Src/ht32f1xxxx_01_it.c **** {
 192              		.loc 1 137 1 view -0
 193              		.cfi_startproc
 194              		@ args = 0, pretend = 0, frame = 0
 195              		@ frame_needed = 0, uses_anonymous_args = 0
 196              		@ link register save eliminated.
 138:Src/ht32f1xxxx_01_it.c **** }
 197              		.loc 1 138 1 view .LVU25
 198 0000 7047     		bx	lr
 199              		.cfi_endproc
 200              	.LFE73:
 202              		.section	.text.SysTick_Handler,"ax",%progbits
 203              		.align	1
 204              		.global	SysTick_Handler
 205              		.syntax unified
 206              		.thumb
 207              		.thumb_func
 208              		.fpu softvfp
 210              	SysTick_Handler:
 211              	.LFB74:
 139:Src/ht32f1xxxx_01_it.c **** 
 140:Src/ht32f1xxxx_01_it.c **** /**************************************************************************************************
 141:Src/ht32f1xxxx_01_it.c ****  * @brief   This function handles SysTick Handler.
 142:Src/ht32f1xxxx_01_it.c ****  * @retval  None
 143:Src/ht32f1xxxx_01_it.c ****  **************************************************************************************************
 144:Src/ht32f1xxxx_01_it.c **** void SysTick_Handler(void)
 145:Src/ht32f1xxxx_01_it.c **** {
ARM GAS  /tmp/cc76sdDC.s 			page 7


 212              		.loc 1 145 1 view -0
 213              		.cfi_startproc
 214              		@ args = 0, pretend = 0, frame = 0
 215              		@ frame_needed = 0, uses_anonymous_args = 0
 216              		@ link register save eliminated.
 146:Src/ht32f1xxxx_01_it.c **** }
 217              		.loc 1 146 1 view .LVU27
 218 0000 7047     		bx	lr
 219              		.cfi_endproc
 220              	.LFE74:
 222              		.section	.bss.gIsContinue.8112,"aw",%nobits
 223              		.align	2
 224              		.set	.LANCHOR0,. + 0
 227              	gIsContinue.8112:
 228 0000 00000000 		.space	4
 229              		.text
 230              	.Letext0:
 231              		.file 2 "/mnt/d/Esp32/EspressifTools/gcc-arm-none-eabi-9-2019-q4-major/arm-none-eabi/include/machi
 232              		.file 3 "/mnt/d/Esp32/EspressifTools/gcc-arm-none-eabi-9-2019-q4-major/arm-none-eabi/include/sys/_
 233              		.file 4 "Drivers/CMSIS/Include/core_cm3.h"
 234              		.file 5 "Drivers/Device/Holtek/HT32F1xxxx/Include/system_ht32f1xxxx_01.h"
 235              		.file 6 "Drivers/Device/Holtek/HT32F1xxxx/Include/ht32f1xxxx_01.h"
 236              		.file 7 "/mnt/d/Esp32/EspressifTools/gcc-arm-none-eabi-9-2019-q4-major/arm-none-eabi/include/sys/l
 237              		.file 8 "/mnt/d/Esp32/EspressifTools/gcc-arm-none-eabi-9-2019-q4-major/arm-none-eabi/include/sys/_
 238              		.file 9 "/mnt/d/Esp32/EspressifTools/gcc-arm-none-eabi-9-2019-q4-major/lib/gcc/arm-none-eabi/9.2.1
 239              		.file 10 "/mnt/d/Esp32/EspressifTools/gcc-arm-none-eabi-9-2019-q4-major/arm-none-eabi/include/sys/
 240              		.file 11 "Drivers/HT32F1xxxx_Driver/inc/ht32_rand.h"
ARM GAS  /tmp/cc76sdDC.s 			page 8


DEFINED SYMBOLS
                            *ABS*:0000000000000000 ht32f1xxxx_01_it.c
     /tmp/cc76sdDC.s:16     .text.NMI_Handler:0000000000000000 $t
     /tmp/cc76sdDC.s:24     .text.NMI_Handler:0000000000000000 NMI_Handler
     /tmp/cc76sdDC.s:38     .text.HardFault_Handler:0000000000000000 $t
     /tmp/cc76sdDC.s:45     .text.HardFault_Handler:0000000000000000 HardFault_Handler
     /tmp/cc76sdDC.s:66     .text.HardFault_Handler:000000000000000c $d
     /tmp/cc76sdDC.s:71     .text.MemManage_Handler:0000000000000000 $t
     /tmp/cc76sdDC.s:78     .text.MemManage_Handler:0000000000000000 MemManage_Handler
     /tmp/cc76sdDC.s:95     .text.BusFault_Handler:0000000000000000 $t
     /tmp/cc76sdDC.s:102    .text.BusFault_Handler:0000000000000000 BusFault_Handler
     /tmp/cc76sdDC.s:119    .text.UsageFault_Handler:0000000000000000 $t
     /tmp/cc76sdDC.s:126    .text.UsageFault_Handler:0000000000000000 UsageFault_Handler
     /tmp/cc76sdDC.s:143    .text.SVC_Handler:0000000000000000 $t
     /tmp/cc76sdDC.s:150    .text.SVC_Handler:0000000000000000 SVC_Handler
     /tmp/cc76sdDC.s:163    .text.DebugMon_Handler:0000000000000000 $t
     /tmp/cc76sdDC.s:170    .text.DebugMon_Handler:0000000000000000 DebugMon_Handler
     /tmp/cc76sdDC.s:183    .text.PendSV_Handler:0000000000000000 $t
     /tmp/cc76sdDC.s:190    .text.PendSV_Handler:0000000000000000 PendSV_Handler
     /tmp/cc76sdDC.s:203    .text.SysTick_Handler:0000000000000000 $t
     /tmp/cc76sdDC.s:210    .text.SysTick_Handler:0000000000000000 SysTick_Handler
     /tmp/cc76sdDC.s:223    .bss.gIsContinue.8112:0000000000000000 $d
     /tmp/cc76sdDC.s:227    .bss.gIsContinue.8112:0000000000000000 gIsContinue.8112

NO UNDEFINED SYMBOLS
